<?xml version="1.0" encoding="UTF-8"?>
<testsuite xmlns:xsi="http://www.w3.org/2001/XMLSchema-instance" xsi:noNamespaceSchemaLocation="https://maven.apache.org/surefire/maven-surefire-plugin/xsd/surefire-test-report.xsd" name="uk.gov.dwp.uc.pairtest.TicketServiceImplTest" time="1.472" tests="9" errors="0" skipped="0" failures="0">
  <properties>
[...]
</properties>
  <testcase name="testTicketPurchaseForChildOrInfantWithoutAdult" classname="uk.gov.dwp.uc.pairtest.TicketServiceImplTest" time="1.318"/>
  <testcase name="testTicketPurchaseForAnAdultOnly" classname="uk.gov.dwp.uc.pairtest.TicketServiceImplTest" time="0.052"/>
  <testcase name="testPurchaseForZeroTickets" classname="uk.gov.dwp.uc.pairtest.TicketServiceImplTest" time="0.002"/>
  <testcase name="testSeatReservationForAnAdultOnly" classname="uk.gov.dwp.uc.pairtest.TicketServiceImplTest" time="0.002"/>
  <testcase name="testTicketPurchaseValidityIfAdultsLessThanInfants" classname="uk.gov.dwp.uc.pairtest.TicketServiceImplTest" time="0.002"/>
  <testcase name="testTicketPurchaseWithInvalidAccountId" classname="uk.gov.dwp.uc.pairtest.TicketServiceImplTest" time="0.002"/>
  <testcase name="testExceedMaximumTicketPurchaseLimit" classname="uk.gov.dwp.uc.pairtest.TicketServiceImplTest" time="0.003"/>
  <testcase name="testSeatReservation" classname="uk.gov.dwp.uc.pairtest.TicketServiceImplTest" time="0.004"/>
  <testcase name="testPurchaseTickets" classname="uk.gov.dwp.uc.pairtest.TicketServiceImplTest" time="0.004"/>
</testsuite>